{"stats":{"suites":4,"tests":4,"passes":4,"pending":0,"failures":0,"start":"2018-09-25T13:19:25.958Z","end":"2018-09-25T13:20:34.485Z","duration":68527,"testsRegistered":4,"passPercent":100,"pendingPercent":0,"other":0,"hasOther":false,"skipped":0,"hasSkipped":false,"passPercentClass":"success","pendingPercentClass":"danger"},"suites":{"title":"","suites":[{"title":"broken link test (chrome)","suites":[],"tests":[{"title":"should check the page for broken links","fullTitle":"should check the page for broken links","timedOut":false,"duration":50016,"speed":"fast","pass":true,"fail":false,"pending":false,"code":"","isRoot":false,"uuid":"f3b4b6e6-7ce4-4d12-9638-e8184a8b1093","parentUUID":"44b5339c-3c76-4105-bb5b-3fcf3baa8ef3","skipped":false,"isHook":false,"context":"[{\"title\":\"Session Id\",\"value\":\"a3c81810-c0c5-11e8-b580-059c632b65b7\"}]","state":"passed","err":{}}],"pending":[],"root":false,"fullFile":"","file":"","passes":["f3b4b6e6-7ce4-4d12-9638-e8184a8b1093"],"failures":[],"skipped":[],"duration":50019,"_timeout":0,"uuid":"44b5339c-3c76-4105-bb5b-3fcf3baa8ef3","beforeHooks":[],"afterHooks":[]},{"title":"Broken Links : PAGE \"ABOUT\" (chrome)","suites":[],"tests":[{"title":"should check the page for broken links","fullTitle":"should check the page for broken links","timedOut":false,"duration":38422,"speed":"fast","pass":true,"fail":false,"pending":false,"code":"","isRoot":false,"uuid":"5fc32fb0-4973-4b64-b5c7-813ecbbb1679","parentUUID":"b00a64ed-f678-44ac-a100-d9302fda4d77","skipped":false,"isHook":false,"context":"[{\"title\":\"Session Id\",\"value\":\"a3cafe40-c0c5-11e8-b580-059c632b65b7\"}]","state":"passed","err":{}}],"pending":[],"root":false,"fullFile":"","file":"","passes":["5fc32fb0-4973-4b64-b5c7-813ecbbb1679"],"failures":[],"skipped":[],"duration":38547,"_timeout":0,"uuid":"b00a64ed-f678-44ac-a100-d9302fda4d77","beforeHooks":[],"afterHooks":[]},{"title":"Broken Links : PAGE \"JOBS\" (chrome)","suites":[],"tests":[{"title":"should check the page for broken links","fullTitle":"should check the page for broken links","timedOut":false,"duration":22905,"speed":"fast","pass":true,"fail":false,"pending":false,"code":"","isRoot":false,"uuid":"ae804ea6-359e-4949-bbae-490ea379b9e0","parentUUID":"5ca8ec89-1767-4b17-9184-b046308342c2","skipped":false,"isHook":false,"context":"[{\"title\":\"Session Id\",\"value\":\"a3cafe40-c0c5-11e8-b580-059c632b65b7\"}]","state":"passed","err":{}}],"pending":[],"root":false,"fullFile":"","file":"","passes":["ae804ea6-359e-4949-bbae-490ea379b9e0"],"failures":[],"skipped":[],"duration":22955,"_timeout":0,"uuid":"5ca8ec89-1767-4b17-9184-b046308342c2","beforeHooks":[],"afterHooks":[]},{"title":"REPORTING (chrome)","suites":[],"tests":[{"title":"should check the page for broken links","fullTitle":"should check the page for broken links","timedOut":false,"duration":41,"speed":"fast","pass":true,"fail":false,"pending":false,"code":"","isRoot":false,"uuid":"bebe0666-d319-484e-9b78-bbc28f61c84e","parentUUID":"6a58cc11-b54d-40a3-b255-04e3c4e66ce2","skipped":false,"isHook":false,"context":"[{\"title\":\"Session Id\",\"value\":\"a3cafe40-c0c5-11e8-b580-059c632b65b7\"}]","state":"passed","err":{}}],"pending":[],"root":false,"fullFile":"","file":"","passes":["bebe0666-d319-484e-9b78-bbc28f61c84e"],"failures":[],"skipped":[],"duration":58,"_timeout":0,"uuid":"6a58cc11-b54d-40a3-b255-04e3c4e66ce2","beforeHooks":[],"afterHooks":[]}],"tests":[],"pending":[],"root":true,"fullFile":"","file":"","passes":[],"failures":[],"skipped":[],"duration":0,"_timeout":0,"uuid":"a0b946bb-7155-4066-8b9d-66e2187f377a","beforeHooks":[],"afterHooks":[]},"copyrightYear":2018}